# JRE version: Java(TM) SE Runtime Environment (8.0_391) (build 1.8.0_391-b13)
# Java VM: Java HotSpot(TM) 64-Bit Server VM (25.391-b13 mixed mode windows-amd64 compressed oops)
Heap:
 PSYoungGen      total 361472K, used 189414K [0x000000076dc00000, 0x0000000786080000, 0x00000007c0000000)
  eden space 332800K, 55% used [0x000000076dc00000,0x00000007790b2760,0x0000000782100000)
  from space 28672K, 15% used [0x0000000784080000,0x00000007844c73b0,0x0000000785c80000)
  to   space 32256K, 0% used [0x0000000782100000,0x0000000782100000,0x0000000784080000)
 ParOldGen       total 117248K, used 116747K [0x00000006c9400000, 0x00000006d0680000, 0x000000076dc00000)
  object space 117248K, 99% used [0x00000006c9400000,0x00000006d0602df0,0x00000006d0680000)
 Metaspace       used 28477K, capacity 29164K, committed 29440K, reserved 1075200K
  class space    used 3087K, capacity 3244K, committed 3328K, reserved 1048576K
GC Heap History (10 events):
Event: 10.643 GC heap before
{Heap before GC invocations=16 (full 1):
 PSYoungGen      total 283136K, used 258752K [0x000000076dc00000, 0x0000000785e00000, 0x00000007c0000000)
  eden space 255488K, 100% used [0x000000076dc00000,0x000000077d580000,0x000000077d580000)
  from space 27648K, 11% used [0x000000077f300000,0x000000077f630000,0x0000000780e00000)
  to   space 30208K, 0% used [0x000000077d580000,0x000000077d580000,0x000000077f300000)
 ParOldGen       total 117248K, used 73256K [0x00000006c9400000, 0x00000006d0680000, 0x000000076dc00000)
  object space 117248K, 62% used [0x00000006c9400000,0x00000006cdb8a150,0x00000006d0680000)
 Metaspace       used 26505K, capacity 27242K, committed 27520K, reserved 1073152K
  class space    used 2933K, capacity 3114K, committed 3200K, reserved 1048576K
Event: 10.657 GC heap after
Heap after GC invocations=16 (full 1):
 PSYoungGen      total 285696K, used 3104K [0x000000076dc00000, 0x0000000785e00000, 0x00000007c0000000)
  eden space 255488K, 0% used [0x000000076dc00000,0x000000076dc00000,0x000000077d580000)
  from space 30208K, 10% used [0x000000077d580000,0x000000077d888000,0x000000077f300000)
  to   space 27648K, 0% used [0x000000077f300000,0x000000077f300000,0x0000000780e00000)
 ParOldGen       total 117248K, used 76404K [0x00000006c9400000, 0x00000006d0680000, 0x000000076dc00000)
  object space 117248K, 65% used [0x00000006c9400000,0x00000006cde9d160,0x00000006d0680000)
 Metaspace       used 26505K, capacity 27242K, committed 27520K, reserved 1073152K
  class space    used 2933K, capacity 3114K, committed 3200K, reserved 1048576K
}
Event: 11.704 GC heap before
{Heap before GC invocations=17 (full 1):
 PSYoungGen      total 285696K, used 258592K [0x000000076dc00000, 0x0000000785e00000, 0x00000007c0000000)
  eden space 255488K, 100% used [0x000000076dc00000,0x000000077d580000,0x000000077d580000)
  from space 30208K, 10% used [0x000000077d580000,0x000000077d888000,0x000000077f300000)
  to   space 27648K, 0% used [0x000000077f300000,0x000000077f300000,0x0000000780e00000)
 ParOldGen       total 117248K, used 76404K [0x00000006c9400000, 0x00000006d0680000, 0x000000076dc00000)
  object space 117248K, 65% used [0x00000006c9400000,0x00000006cde9d160,0x00000006d0680000)
 Metaspace       used 26551K, capacity 27308K, committed 27520K, reserved 1073152K
  class space    used 2937K, capacity 3116K, committed 3200K, reserved 1048576K
Event: 11.716 GC heap after
Heap after GC invocations=17 (full 1):
 PSYoungGen      total 283648K, used 13782K [0x000000076dc00000, 0x0000000788a00000, 0x00000007c0000000)
  eden space 256000K, 0% used [0x000000076dc00000,0x000000076dc00000,0x000000077d600000)
  from space 27648K, 49% used [0x000000077f300000,0x00000007800759c0,0x0000000780e00000)
  to   space 29696K, 0% used [0x000000077d600000,0x000000077d600000,0x000000077f300000)
 ParOldGen       total 117248K, used 79364K [0x00000006c9400000, 0x00000006d0680000, 0x000000076dc00000)
  object space 117248K, 67% used [0x00000006c9400000,0x00000006ce181170,0x00000006d0680000)
 Metaspace       used 26551K, capacity 27308K, committed 27520K, reserved 1073152K
  class space    used 2937K, capacity 3116K, committed 3200K, reserved 1048576K
}
Event: 12.579 GC heap before
{Heap before GC invocations=18 (full 1):
 PSYoungGen      total 283648K, used 269782K [0x000000076dc00000, 0x0000000788a00000, 0x00000007c0000000)
  eden space 256000K, 100% used [0x000000076dc00000,0x000000077d600000,0x000000077d600000)
  from space 27648K, 49% used [0x000000077f300000,0x00000007800759c0,0x0000000780e00000)
  to   space 29696K, 0% used [0x000000077d600000,0x000000077d600000,0x000000077f300000)
 ParOldGen       total 117248K, used 79364K [0x00000006c9400000, 0x00000006d0680000, 0x000000076dc00000)
  object space 117248K, 67% used [0x00000006c9400000,0x00000006ce181170,0x00000006d0680000)
 Metaspace       used 26576K, capacity 27308K, committed 27520K, reserved 1073152K
  class space    used 2937K, capacity 3116K, committed 3200K, reserved 1048576K
Event: 12.592 GC heap after
Heap after GC invocations=18 (full 1):
 PSYoungGen      total 285696K, used 13026K [0x000000076dc00000, 0x0000000785c80000, 0x00000007c0000000)
  eden space 256000K, 0% used [0x000000076dc00000,0x000000076dc00000,0x000000077d600000)
  from space 29696K, 43% used [0x000000077d600000,0x000000077e2b8b98,0x000000077f300000)
  to   space 28672K, 0% used [0x0000000784080000,0x0000000784080000,0x0000000785c80000)
 ParOldGen       total 117248K, used 92495K [0x00000006c9400000, 0x00000006d0680000, 0x000000076dc00000)
  object space 117248K, 78% used [0x00000006c9400000,0x00000006cee53f88,0x00000006d0680000)
 Metaspace       used 26576K, capacity 27308K, committed 27520K, reserved 1073152K
  class space    used 2937K, capacity 3116K, committed 3200K, reserved 1048576K
}
Event: 14.420 GC heap before
{Heap before GC invocations=19 (full 1):
 PSYoungGen      total 285696K, used 269026K [0x000000076dc00000, 0x0000000785c80000, 0x00000007c0000000)
  eden space 256000K, 100% used [0x000000076dc00000,0x000000077d600000,0x000000077d600000)
  from space 29696K, 43% used [0x000000077d600000,0x000000077e2b8b98,0x000000077f300000)
  to   space 28672K, 0% used [0x0000000784080000,0x0000000784080000,0x0000000785c80000)
 ParOldGen       total 117248K, used 92495K [0x00000006c9400000, 0x00000006d0680000, 0x000000076dc00000)
  object space 117248K, 78% used [0x00000006c9400000,0x00000006cee53f88,0x00000006d0680000)
 Metaspace       used 27759K, capacity 28428K, committed 28672K, reserved 1075200K
  class space    used 3045K, capacity 3212K, committed 3328K, reserved 1048576K
Event: 14.449 GC heap after
Heap after GC invocations=19 (full 1):
 PSYoungGen      total 361472K, used 26714K [0x000000076dc00000, 0x0000000786080000, 0x00000007c0000000)
  eden space 332800K, 0% used [0x000000076dc00000,0x000000076dc00000,0x0000000782100000)
  from space 28672K, 93% used [0x0000000784080000,0x0000000785a96850,0x0000000785c80000)
  to   space 32256K, 0% used [0x0000000782100000,0x0000000782100000,0x0000000784080000)
 ParOldGen       total 117248K, used 104803K [0x00000006c9400000, 0x00000006d0680000, 0x000000076dc00000)
  object space 117248K, 89% used [0x00000006c9400000,0x00000006cfa58d98,0x00000006d0680000)
 Metaspace       used 27759K, capacity 28428K, committed 28672K, reserved 1075200K
  class space    used 3045K, capacity 3212K, committed 3328K, reserved 1048576K
}
Event: 14.449 GC heap before
{Heap before GC invocations=20 (full 2):
 PSYoungGen      total 361472K, used 26714K [0x000000076dc00000, 0x0000000786080000, 0x00000007c0000000)
  eden space 332800K, 0% used [0x000000076dc00000,0x000000076dc00000,0x0000000782100000)
  from space 28672K, 93% used [0x0000000784080000,0x0000000785a96850,0x0000000785c80000)
  to   space 32256K, 0% used [0x0000000782100000,0x0000000782100000,0x0000000784080000)
 ParOldGen       total 117248K, used 104803K [0x00000006c9400000, 0x00000006d0680000, 0x000000076dc00000)
  object space 117248K, 89% used [0x00000006c9400000,0x00000006cfa58d98,0x00000006d0680000)
 Metaspace       used 27759K, capacity 28428K, committed 28672K, reserved 1075200K
  class space    used 3045K, capacity 3212K, committed 3328K, reserved 1048576K
Event: 14.727 GC heap after
Heap after GC invocations=20 (full 2):
 PSYoungGen      total 361472K, used 4380K [0x000000076dc00000, 0x0000000786080000, 0x00000007c0000000)
  eden space 332800K, 0% used [0x000000076dc00000,0x000000076dc00000,0x0000000782100000)
  from space 28672K, 15% used [0x0000000784080000,0x00000007844c73b0,0x0000000785c80000)
  to   space 32256K, 0% used [0x0000000782100000,0x0000000782100000,0x0000000784080000)
 ParOldGen       total 117248K, used 116747K [0x00000006c9400000, 0x00000006d0680000, 0x000000076dc00000)
  object space 117248K, 99% used [0x00000006c9400000,0x00000006d0602df0,0x00000006d0680000)
 Metaspace       used 27759K, capacity 28428K, committed 28672K, reserved 1075200K
  class space    used 3045K, capacity 3212K, committed 3328K, reserved 1048576K
}

