# JRE version: Java(TM) SE Runtime Environment (8.0_391) (build 1.8.0_391-b13)
# Java VM: Java HotSpot(TM) 64-Bit Server VM (25.391-b13 mixed mode windows-amd64 compressed oops)
Heap:
 PSYoungGen      total 266240K, used 216717K [0x000000076dc00000, 0x0000000785d00000, 0x00000007c0000000)
  eden space 237568K, 89% used [0x000000076dc00000,0x000000077ac1b6b8,0x000000077c400000)
  from space 28672K, 12% used [0x0000000784100000,0x0000000784488010,0x0000000785d00000)
  to   space 25088K, 0% used [0x000000077c400000,0x000000077c400000,0x000000077dc80000)
 ParOldGen       total 111616K, used 65548K [0x00000006c9400000, 0x00000006d0100000, 0x000000076dc00000)
  object space 111616K, 58% used [0x00000006c9400000,0x00000006cd4033a8,0x00000006d0100000)
 Metaspace       used 26444K, capacity 27242K, committed 27520K, reserved 1073152K
  class space    used 2935K, capacity 3114K, committed 3200K, reserved 1048576K
GC Heap History (10 events):
Event: 5.269 GC heap before
{Heap before GC invocations=9 (full 1):
 PSYoungGen      total 142848K, used 128000K [0x000000076dc00000, 0x000000077f500000, 0x00000007c0000000)
  eden space 128000K, 100% used [0x000000076dc00000,0x0000000775900000,0x0000000775900000)
  from space 14848K, 0% used [0x0000000775900000,0x0000000775900000,0x0000000776780000)
  to   space 15872K, 0% used [0x000000077e580000,0x000000077e580000,0x000000077f500000)
 ParOldGen       total 111616K, used 17960K [0x00000006c9400000, 0x00000006d0100000, 0x000000076dc00000)
  object space 111616K, 16% used [0x00000006c9400000,0x00000006ca58a1e8,0x00000006d0100000)
 Metaspace       used 23743K, capacity 24314K, committed 24576K, reserved 1071104K
  class space    used 2674K, capacity 2812K, committed 2816K, reserved 1048576K
Event: 5.287 GC heap after
Heap after GC invocations=9 (full 1):
 PSYoungGen      total 222208K, used 15849K [0x000000076dc00000, 0x000000077f500000, 0x00000007c0000000)
  eden space 206336K, 0% used [0x000000076dc00000,0x000000076dc00000,0x000000077a580000)
  from space 15872K, 99% used [0x000000077e580000,0x000000077f4fa598,0x000000077f500000)
  to   space 25088K, 0% used [0x000000077c400000,0x000000077c400000,0x000000077dc80000)
 ParOldGen       total 111616K, used 35810K [0x00000006c9400000, 0x00000006d0100000, 0x000000076dc00000)
  object space 111616K, 32% used [0x00000006c9400000,0x00000006cb6f8b48,0x00000006d0100000)
 Metaspace       used 23743K, capacity 24314K, committed 24576K, reserved 1071104K
  class space    used 2674K, capacity 2812K, committed 2816K, reserved 1048576K
}
Event: 6.952 GC heap before
{Heap before GC invocations=10 (full 1):
 PSYoungGen      total 222208K, used 222185K [0x000000076dc00000, 0x000000077f500000, 0x00000007c0000000)
  eden space 206336K, 100% used [0x000000076dc00000,0x000000077a580000,0x000000077a580000)
  from space 15872K, 99% used [0x000000077e580000,0x000000077f4fa598,0x000000077f500000)
  to   space 25088K, 0% used [0x000000077c400000,0x000000077c400000,0x000000077dc80000)
 ParOldGen       total 111616K, used 35810K [0x00000006c9400000, 0x00000006d0100000, 0x000000076dc00000)
  object space 111616K, 32% used [0x00000006c9400000,0x00000006cb6f8b48,0x00000006d0100000)
 Metaspace       used 25956K, capacity 26576K, committed 26880K, reserved 1073152K
  class space    used 2891K, capacity 3051K, committed 3072K, reserved 1048576K
Event: 6.965 GC heap after
Heap after GC invocations=10 (full 1):
 PSYoungGen      total 262656K, used 25063K [0x000000076dc00000, 0x0000000782280000, 0x00000007c0000000)
  eden space 237568K, 0% used [0x000000076dc00000,0x000000076dc00000,0x000000077c400000)
  from space 25088K, 99% used [0x000000077c400000,0x000000077dc79fc8,0x000000077dc80000)
  to   space 28672K, 0% used [0x0000000780680000,0x0000000780680000,0x0000000782280000)
 ParOldGen       total 111616K, used 36529K [0x00000006c9400000, 0x00000006d0100000, 0x000000076dc00000)
  object space 111616K, 32% used [0x00000006c9400000,0x00000006cb7ac5e0,0x00000006d0100000)
 Metaspace       used 25956K, capacity 26576K, committed 26880K, reserved 1073152K
  class space    used 2891K, capacity 3051K, committed 3072K, reserved 1048576K
}
Event: 7.234 GC heap before
{Heap before GC invocations=11 (full 1):
 PSYoungGen      total 262656K, used 262631K [0x000000076dc00000, 0x0000000782280000, 0x00000007c0000000)
  eden space 237568K, 100% used [0x000000076dc00000,0x000000077c400000,0x000000077c400000)
  from space 25088K, 99% used [0x000000077c400000,0x000000077dc79fc8,0x000000077dc80000)
  to   space 28672K, 0% used [0x0000000780680000,0x0000000780680000,0x0000000782280000)
 ParOldGen       total 111616K, used 36529K [0x00000006c9400000, 0x00000006d0100000, 0x000000076dc00000)
  object space 111616K, 32% used [0x00000006c9400000,0x00000006cb7ac5e0,0x00000006d0100000)
 Metaspace       used 26349K, capacity 27114K, committed 27264K, reserved 1073152K
  class space    used 2934K, capacity 3114K, committed 3200K, reserved 1048576K
Event: 7.251 GC heap after
Heap after GC invocations=11 (full 1):
 PSYoungGen      total 266240K, used 11215K [0x000000076dc00000, 0x0000000782280000, 0x00000007c0000000)
  eden space 237568K, 0% used [0x000000076dc00000,0x000000076dc00000,0x000000077c400000)
  from space 28672K, 39% used [0x0000000780680000,0x0000000781173c08,0x0000000782280000)
  to   space 25088K, 0% used [0x000000077c400000,0x000000077c400000,0x000000077dc80000)
 ParOldGen       total 111616K, used 51786K [0x00000006c9400000, 0x00000006d0100000, 0x000000076dc00000)
  object space 111616K, 46% used [0x00000006c9400000,0x00000006cc692a18,0x00000006d0100000)
 Metaspace       used 26349K, capacity 27114K, committed 27264K, reserved 1073152K
  class space    used 2934K, capacity 3114K, committed 3200K, reserved 1048576K
}
Event: 7.426 GC heap before
{Heap before GC invocations=12 (full 1):
 PSYoungGen      total 266240K, used 248783K [0x000000076dc00000, 0x0000000782280000, 0x00000007c0000000)
  eden space 237568K, 100% used [0x000000076dc00000,0x000000077c400000,0x000000077c400000)
  from space 28672K, 39% used [0x0000000780680000,0x0000000781173c08,0x0000000782280000)
  to   space 25088K, 0% used [0x000000077c400000,0x000000077c400000,0x000000077dc80000)
 ParOldGen       total 111616K, used 51786K [0x00000006c9400000, 0x00000006d0100000, 0x000000076dc00000)
  object space 111616K, 46% used [0x00000006c9400000,0x00000006cc692a18,0x00000006d0100000)
 Metaspace       used 26394K, capacity 27178K, committed 27264K, reserved 1073152K
  class space    used 2934K, capacity 3114K, committed 3200K, reserved 1048576K
Event: 7.435 GC heap after
Heap after GC invocations=12 (full 1):
 PSYoungGen      total 262656K, used 3296K [0x000000076dc00000, 0x0000000785d00000, 0x00000007c0000000)
  eden space 237568K, 0% used [0x000000076dc00000,0x000000076dc00000,0x000000077c400000)
  from space 25088K, 13% used [0x000000077c400000,0x000000077c738010,0x000000077dc80000)
  to   space 28672K, 0% used [0x0000000784100000,0x0000000784100000,0x0000000785d00000)
 ParOldGen       total 111616K, used 62652K [0x00000006c9400000, 0x00000006d0100000, 0x000000076dc00000)
  object space 111616K, 56% used [0x00000006c9400000,0x00000006cd12f3a8,0x00000006d0100000)
 Metaspace       used 26394K, capacity 27178K, committed 27264K, reserved 1073152K
  class space    used 2934K, capacity 3114K, committed 3200K, reserved 1048576K
}
Event: 7.571 GC heap before
{Heap before GC invocations=13 (full 1):
 PSYoungGen      total 262656K, used 240864K [0x000000076dc00000, 0x0000000785d00000, 0x00000007c0000000)
  eden space 237568K, 100% used [0x000000076dc00000,0x000000077c400000,0x000000077c400000)
  from space 25088K, 13% used [0x000000077c400000,0x000000077c738010,0x000000077dc80000)
  to   space 28672K, 0% used [0x0000000784100000,0x0000000784100000,0x0000000785d00000)
 ParOldGen       total 111616K, used 62652K [0x00000006c9400000, 0x00000006d0100000, 0x000000076dc00000)
  object space 111616K, 56% used [0x00000006c9400000,0x00000006cd12f3a8,0x00000006d0100000)
 Metaspace       used 26424K, capacity 27178K, committed 27264K, reserved 1073152K
  class space    used 2934K, capacity 3114K, committed 3200K, reserved 1048576K
Event: 7.578 GC heap after
Heap after GC invocations=13 (full 1):
 PSYoungGen      total 266240K, used 3616K [0x000000076dc00000, 0x0000000785d00000, 0x00000007c0000000)
  eden space 237568K, 0% used [0x000000076dc00000,0x000000076dc00000,0x000000077c400000)
  from space 28672K, 12% used [0x0000000784100000,0x0000000784488010,0x0000000785d00000)
  to   space 25088K, 0% used [0x000000077c400000,0x000000077c400000,0x000000077dc80000)
 ParOldGen       total 111616K, used 65548K [0x00000006c9400000, 0x00000006d0100000, 0x000000076dc00000)
  object space 111616K, 58% used [0x00000006c9400000,0x00000006cd4033a8,0x00000006d0100000)
 Metaspace       used 26424K, capacity 27178K, committed 27264K, reserved 1073152K
  class space    used 2934K, capacity 3114K, committed 3200K, reserved 1048576K
}

