# JRE version: Java(TM) SE Runtime Environment (8.0_391) (build 1.8.0_391-b13)
# Java VM: Java HotSpot(TM) 64-Bit Server VM (25.391-b13 mixed mode windows-amd64 compressed oops)
Heap:
 PSYoungGen      total 222208K, used 166037K [0x000000076dc00000, 0x000000077f400000, 0x00000007c0000000)
  eden space 206848K, 72% used [0x000000076dc00000,0x0000000776f26428,0x000000077a600000)
  from space 15360K, 99% used [0x000000077e500000,0x000000077f3ff128,0x000000077f400000)
  to   space 24576K, 0% used [0x000000077c400000,0x000000077c400000,0x000000077dc00000)
 ParOldGen       total 112128K, used 36435K [0x00000006c9400000, 0x00000006d0180000, 0x000000076dc00000)
  object space 112128K, 32% used [0x00000006c9400000,0x00000006cb794ff0,0x00000006d0180000)
 Metaspace       used 25753K, capacity 26436K, committed 26624K, reserved 1073152K
  class space    used 2868K, capacity 3051K, committed 3072K, reserved 1048576K
GC Heap History (10 events):
Event: 5.471 GC heap before
{Heap before GC invocations=5 (full 0):
 PSYoungGen      total 74240K, used 74232K [0x000000076dc00000, 0x0000000772e80000, 0x00000007c0000000)
  eden space 64000K, 100% used [0x000000076dc00000,0x0000000771a80000,0x0000000771a80000)
  from space 10240K, 99% used [0x0000000772480000,0x0000000772e7e030,0x0000000772e80000)
  to   space 10240K, 0% used [0x0000000771a80000,0x0000000771a80000,0x0000000772480000)
 ParOldGen       total 169472K, used 6899K [0x00000006c9400000, 0x00000006d3980000, 0x000000076dc00000)
  object space 169472K, 4% used [0x00000006c9400000,0x00000006c9abcf18,0x00000006d3980000)
 Metaspace       used 18312K, capacity 18794K, committed 19200K, reserved 1067008K
  class space    used 2074K, capacity 2188K, committed 2304K, reserved 1048576K
Event: 5.484 GC heap after
Heap after GC invocations=5 (full 0):
 PSYoungGen      total 74240K, used 10216K [0x000000076dc00000, 0x0000000777500000, 0x00000007c0000000)
  eden space 64000K, 0% used [0x000000076dc00000,0x000000076dc00000,0x0000000771a80000)
  from space 10240K, 99% used [0x0000000771a80000,0x000000077247a040,0x0000000772480000)
  to   space 14336K, 0% used [0x0000000776700000,0x0000000776700000,0x0000000777500000)
 ParOldGen       total 169472K, used 8635K [0x00000006c9400000, 0x00000006d3980000, 0x000000076dc00000)
  object space 169472K, 5% used [0x00000006c9400000,0x00000006c9c6ee48,0x00000006d3980000)
 Metaspace       used 18312K, capacity 18794K, committed 19200K, reserved 1067008K
  class space    used 2074K, capacity 2188K, committed 2304K, reserved 1048576K
}
Event: 6.214 GC heap before
{Heap before GC invocations=6 (full 0):
 PSYoungGen      total 74240K, used 74216K [0x000000076dc00000, 0x0000000777500000, 0x00000007c0000000)
  eden space 64000K, 100% used [0x000000076dc00000,0x0000000771a80000,0x0000000771a80000)
  from space 10240K, 99% used [0x0000000771a80000,0x000000077247a040,0x0000000772480000)
  to   space 14336K, 0% used [0x0000000776700000,0x0000000776700000,0x0000000777500000)
 ParOldGen       total 169472K, used 8635K [0x00000006c9400000, 0x00000006d3980000, 0x000000076dc00000)
  object space 169472K, 5% used [0x00000006c9400000,0x00000006c9c6ee48,0x00000006d3980000)
 Metaspace       used 18791K, capacity 19286K, committed 19456K, reserved 1067008K
  class space    used 2111K, capacity 2228K, committed 2304K, reserved 1048576K
Event: 6.220 GC heap after
Heap after GC invocations=6 (full 0):
 PSYoungGen      total 142336K, used 12363K [0x000000076dc00000, 0x0000000777500000, 0x00000007c0000000)
  eden space 128000K, 0% used [0x000000076dc00000,0x000000076dc00000,0x0000000775900000)
  from space 14336K, 86% used [0x0000000776700000,0x0000000777312f70,0x0000000777500000)
  to   space 14336K, 0% used [0x0000000775900000,0x0000000775900000,0x0000000776700000)
 ParOldGen       total 169472K, used 8658K [0x00000006c9400000, 0x00000006d3980000, 0x000000076dc00000)
  object space 169472K, 5% used [0x00000006c9400000,0x00000006c9c74aa8,0x00000006d3980000)
 Metaspace       used 18791K, capacity 19286K, committed 19456K, reserved 1067008K
  class space    used 2111K, capacity 2228K, committed 2304K, reserved 1048576K
}
Event: 6.609 GC heap before
{Heap before GC invocations=7 (full 0):
 PSYoungGen      total 142336K, used 22728K [0x000000076dc00000, 0x0000000777500000, 0x00000007c0000000)
  eden space 128000K, 8% used [0x000000076dc00000,0x000000076e61f1c8,0x0000000775900000)
  from space 14336K, 86% used [0x0000000776700000,0x0000000777312f70,0x0000000777500000)
  to   space 14336K, 0% used [0x0000000775900000,0x0000000775900000,0x0000000776700000)
 ParOldGen       total 169472K, used 8658K [0x00000006c9400000, 0x00000006d3980000, 0x000000076dc00000)
  object space 169472K, 5% used [0x00000006c9400000,0x00000006c9c74aa8,0x00000006d3980000)
 Metaspace       used 20561K, capacity 21102K, committed 21248K, reserved 1069056K
  class space    used 2355K, capacity 2492K, committed 2560K, reserved 1048576K
Event: 6.616 GC heap after
Heap after GC invocations=7 (full 0):
 PSYoungGen      total 142336K, used 6156K [0x000000076dc00000, 0x000000077f400000, 0x00000007c0000000)
  eden space 128000K, 0% used [0x000000076dc00000,0x000000076dc00000,0x0000000775900000)
  from space 14336K, 42% used [0x0000000775900000,0x0000000775f03230,0x0000000776700000)
  to   space 15360K, 0% used [0x000000077e500000,0x000000077e500000,0x000000077f400000)
 ParOldGen       total 169472K, used 15223K [0x00000006c9400000, 0x00000006d3980000, 0x000000076dc00000)
  object space 169472K, 8% used [0x00000006c9400000,0x00000006ca2ddc00,0x00000006d3980000)
 Metaspace       used 20561K, capacity 21102K, committed 21248K, reserved 1069056K
  class space    used 2355K, capacity 2492K, committed 2560K, reserved 1048576K
}
Event: 6.616 GC heap before
{Heap before GC invocations=8 (full 1):
 PSYoungGen      total 142336K, used 6156K [0x000000076dc00000, 0x000000077f400000, 0x00000007c0000000)
  eden space 128000K, 0% used [0x000000076dc00000,0x000000076dc00000,0x0000000775900000)
  from space 14336K, 42% used [0x0000000775900000,0x0000000775f03230,0x0000000776700000)
  to   space 15360K, 0% used [0x000000077e500000,0x000000077e500000,0x000000077f400000)
 ParOldGen       total 169472K, used 15223K [0x00000006c9400000, 0x00000006d3980000, 0x000000076dc00000)
  object space 169472K, 8% used [0x00000006c9400000,0x00000006ca2ddc00,0x00000006d3980000)
 Metaspace       used 20561K, capacity 21102K, committed 21248K, reserved 1069056K
  class space    used 2355K, capacity 2492K, committed 2560K, reserved 1048576K
Event: 6.664 GC heap after
Heap after GC invocations=8 (full 1):
 PSYoungGen      total 142336K, used 0K [0x000000076dc00000, 0x000000077f400000, 0x00000007c0000000)
  eden space 128000K, 0% used [0x000000076dc00000,0x000000076dc00000,0x0000000775900000)
  from space 14336K, 0% used [0x0000000775900000,0x0000000775900000,0x0000000776700000)
  to   space 15360K, 0% used [0x000000077e500000,0x000000077e500000,0x000000077f400000)
 ParOldGen       total 112128K, used 18025K [0x00000006c9400000, 0x00000006d0180000, 0x000000076dc00000)
  object space 112128K, 16% used [0x00000006c9400000,0x00000006ca59a648,0x00000006d0180000)
 Metaspace       used 20561K, capacity 21102K, committed 21248K, reserved 1069056K
  class space    used 2355K, capacity 2492K, committed 2560K, reserved 1048576K
}
Event: 8.907 GC heap before
{Heap before GC invocations=9 (full 1):
 PSYoungGen      total 142336K, used 128000K [0x000000076dc00000, 0x000000077f400000, 0x00000007c0000000)
  eden space 128000K, 100% used [0x000000076dc00000,0x0000000775900000,0x0000000775900000)
  from space 14336K, 0% used [0x0000000775900000,0x0000000775900000,0x0000000776700000)
  to   space 15360K, 0% used [0x000000077e500000,0x000000077e500000,0x000000077f400000)
 ParOldGen       total 112128K, used 18025K [0x00000006c9400000, 0x00000006d0180000, 0x000000076dc00000)
  object space 112128K, 16% used [0x00000006c9400000,0x00000006ca59a648,0x00000006d0180000)
 Metaspace       used 23755K, capacity 24302K, committed 24576K, reserved 1071104K
  class space    used 2671K, capacity 2812K, committed 2816K, reserved 1048576K
Event: 8.930 GC heap after
Heap after GC invocations=9 (full 1):
 PSYoungGen      total 222208K, used 15356K [0x000000076dc00000, 0x000000077f400000, 0x00000007c0000000)
  eden space 206848K, 0% used [0x000000076dc00000,0x000000076dc00000,0x000000077a600000)
  from space 15360K, 99% used [0x000000077e500000,0x000000077f3ff128,0x000000077f400000)
  to   space 24576K, 0% used [0x000000077c400000,0x000000077c400000,0x000000077dc00000)
 ParOldGen       total 112128K, used 36435K [0x00000006c9400000, 0x00000006d0180000, 0x000000076dc00000)
  object space 112128K, 32% used [0x00000006c9400000,0x00000006cb794ff0,0x00000006d0180000)
 Metaspace       used 23755K, capacity 24302K, committed 24576K, reserved 1071104K
  class space    used 2671K, capacity 2812K, committed 2816K, reserved 1048576K
}

