# JRE version: Java(TM) SE Runtime Environment (8.0_391) (build 1.8.0_391-b13)
# Java VM: Java HotSpot(TM) 64-Bit Server VM (25.391-b13 mixed mode windows-amd64 compressed oops)
Heap:
 PSYoungGen      total 626688K, used 457608K [0x000000076dc00000, 0x00000007a7000000, 0x00000007c0000000)
  eden space 592384K, 75% used [0x000000076dc00000,0x000000078900c710,0x0000000791e80000)
  from space 34304K, 32% used [0x0000000791e80000,0x0000000792955cc8,0x0000000794000000)
  to   space 37376K, 0% used [0x00000007a4b80000,0x00000007a4b80000,0x00000007a7000000)
 ParOldGen       total 109568K, used 109170K [0x00000006c9400000, 0x00000006cff00000, 0x000000076dc00000)
  object space 109568K, 99% used [0x00000006c9400000,0x00000006cfe9c808,0x00000006cff00000)
 Metaspace       used 32611K, capacity 33528K, committed 33792K, reserved 1079296K
  class space    used 3563K, capacity 3794K, committed 3840K, reserved 1048576K
GC Heap History (10 events):
Event: 8.968 GC heap before
{Heap before GC invocations=11 (full 1):
 PSYoungGen      total 444416K, used 438381K [0x000000076dc00000, 0x0000000795e00000, 0x00000007c0000000)
  eden space 414720K, 100% used [0x000000076dc00000,0x0000000787100000,0x0000000787100000)
  from space 29696K, 79% used [0x0000000787100000,0x000000078881b540,0x0000000788e00000)
  to   space 30720K, 0% used [0x0000000794000000,0x0000000794000000,0x0000000795e00000)
 ParOldGen       total 109568K, used 43695K [0x00000006c9400000, 0x00000006cff00000, 0x000000076dc00000)
  object space 109568K, 39% used [0x00000006c9400000,0x00000006cbeabd18,0x00000006cff00000)
 Metaspace       used 26474K, capacity 27242K, committed 27520K, reserved 1073152K
  class space    used 2933K, capacity 3114K, committed 3200K, reserved 1048576K
Event: 8.993 GC heap after
Heap after GC invocations=11 (full 1):
 PSYoungGen      total 445440K, used 11264K [0x000000076dc00000, 0x0000000795e00000, 0x00000007c0000000)
  eden space 414720K, 0% used [0x000000076dc00000,0x000000076dc00000,0x0000000787100000)
  from space 30720K, 36% used [0x0000000794000000,0x0000000794b00010,0x0000000795e00000)
  to   space 29696K, 0% used [0x0000000787100000,0x0000000787100000,0x0000000788e00000)
 ParOldGen       total 109568K, used 61918K [0x00000006c9400000, 0x00000006cff00000, 0x000000076dc00000)
  object space 109568K, 56% used [0x00000006c9400000,0x00000006cd0778a0,0x00000006cff00000)
 Metaspace       used 26474K, capacity 27242K, committed 27520K, reserved 1073152K
  class space    used 2933K, capacity 3114K, committed 3200K, reserved 1048576K
}
Event: 9.192 GC heap before
{Heap before GC invocations=12 (full 1):
 PSYoungGen      total 445440K, used 425984K [0x000000076dc00000, 0x0000000795e00000, 0x00000007c0000000)
  eden space 414720K, 100% used [0x000000076dc00000,0x0000000787100000,0x0000000787100000)
  from space 30720K, 36% used [0x0000000794000000,0x0000000794b00010,0x0000000795e00000)
  to   space 29696K, 0% used [0x0000000787100000,0x0000000787100000,0x0000000788e00000)
 ParOldGen       total 109568K, used 61918K [0x00000006c9400000, 0x00000006cff00000, 0x000000076dc00000)
  object space 109568K, 56% used [0x00000006c9400000,0x00000006cd0778a0,0x00000006cff00000)
 Metaspace       used 26501K, capacity 27242K, committed 27520K, reserved 1073152K
  class space    used 2934K, capacity 3114K, committed 3200K, reserved 1048576K
Event: 9.206 GC heap after
Heap after GC invocations=12 (full 1):
 PSYoungGen      total 444416K, used 5312K [0x000000076dc00000, 0x0000000795e00000, 0x00000007c0000000)
  eden space 414720K, 0% used [0x000000076dc00000,0x000000076dc00000,0x0000000787100000)
  from space 29696K, 17% used [0x0000000787100000,0x0000000787630000,0x0000000788e00000)
  to   space 30720K, 0% used [0x0000000794000000,0x0000000794000000,0x0000000795e00000)
 ParOldGen       total 109568K, used 73054K [0x00000006c9400000, 0x00000006cff00000, 0x000000076dc00000)
  object space 109568K, 66% used [0x00000006c9400000,0x00000006cdb578b0,0x00000006cff00000)
 Metaspace       used 26501K, capacity 27242K, committed 27520K, reserved 1073152K
  class space    used 2934K, capacity 3114K, committed 3200K, reserved 1048576K
}
Event: 10.907 GC heap before
{Heap before GC invocations=13 (full 1):
 PSYoungGen      total 444416K, used 420032K [0x000000076dc00000, 0x0000000795e00000, 0x00000007c0000000)
  eden space 414720K, 100% used [0x000000076dc00000,0x0000000787100000,0x0000000787100000)
  from space 29696K, 17% used [0x0000000787100000,0x0000000787630000,0x0000000788e00000)
  to   space 30720K, 0% used [0x0000000794000000,0x0000000794000000,0x0000000795e00000)
 ParOldGen       total 109568K, used 73054K [0x00000006c9400000, 0x00000006cff00000, 0x000000076dc00000)
  object space 109568K, 66% used [0x00000006c9400000,0x00000006cdb578b0,0x00000006cff00000)
 Metaspace       used 26562K, capacity 27308K, committed 27520K, reserved 1073152K
  class space    used 2937K, capacity 3116K, committed 3200K, reserved 1048576K
Event: 10.934 GC heap after
Heap after GC invocations=13 (full 1):
 PSYoungGen      total 623104K, used 28492K [0x000000076dc00000, 0x0000000797700000, 0x00000007c0000000)
  eden space 592384K, 0% used [0x000000076dc00000,0x000000076dc00000,0x0000000791e80000)
  from space 30720K, 92% used [0x0000000794000000,0x0000000795bd3248,0x0000000795e00000)
  to   space 34304K, 0% used [0x0000000791e80000,0x0000000791e80000,0x0000000794000000)
 ParOldGen       total 109568K, used 78050K [0x00000006c9400000, 0x00000006cff00000, 0x000000076dc00000)
  object space 109568K, 71% used [0x00000006c9400000,0x00000006ce0388d0,0x00000006cff00000)
 Metaspace       used 26562K, capacity 27308K, committed 27520K, reserved 1073152K
  class space    used 2937K, capacity 3116K, committed 3200K, reserved 1048576K
}
Event: 14.963 GC heap before
{Heap before GC invocations=14 (full 1):
 PSYoungGen      total 623104K, used 620876K [0x000000076dc00000, 0x0000000797700000, 0x00000007c0000000)
  eden space 592384K, 100% used [0x000000076dc00000,0x0000000791e80000,0x0000000791e80000)
  from space 30720K, 92% used [0x0000000794000000,0x0000000795bd3248,0x0000000795e00000)
  to   space 34304K, 0% used [0x0000000791e80000,0x0000000791e80000,0x0000000794000000)
 ParOldGen       total 109568K, used 78050K [0x00000006c9400000, 0x00000006cff00000, 0x000000076dc00000)
  object space 109568K, 71% used [0x00000006c9400000,0x00000006ce0388d0,0x00000006cff00000)
 Metaspace       used 28423K, capacity 29164K, committed 29440K, reserved 1075200K
  class space    used 3087K, capacity 3244K, committed 3328K, reserved 1048576K
Event: 14.990 GC heap after
Heap after GC invocations=14 (full 1):
 PSYoungGen      total 626688K, used 29118K [0x000000076dc00000, 0x00000007a7000000, 0x00000007c0000000)
  eden space 592384K, 0% used [0x000000076dc00000,0x000000076dc00000,0x0000000791e80000)
  from space 34304K, 84% used [0x0000000791e80000,0x0000000793aef898,0x0000000794000000)
  to   space 37376K, 0% used [0x00000007a4b80000,0x00000007a4b80000,0x00000007a7000000)
 ParOldGen       total 109568K, used 104234K [0x00000006c9400000, 0x00000006cff00000, 0x000000076dc00000)
  object space 109568K, 95% used [0x00000006c9400000,0x00000006cf9ca948,0x00000006cff00000)
 Metaspace       used 28423K, capacity 29164K, committed 29440K, reserved 1075200K
  class space    used 3087K, capacity 3244K, committed 3328K, reserved 1048576K
}
Event: 14.990 GC heap before
{Heap before GC invocations=15 (full 2):
 PSYoungGen      total 626688K, used 29118K [0x000000076dc00000, 0x00000007a7000000, 0x00000007c0000000)
  eden space 592384K, 0% used [0x000000076dc00000,0x000000076dc00000,0x0000000791e80000)
  from space 34304K, 84% used [0x0000000791e80000,0x0000000793aef898,0x0000000794000000)
  to   space 37376K, 0% used [0x00000007a4b80000,0x00000007a4b80000,0x00000007a7000000)
 ParOldGen       total 109568K, used 104234K [0x00000006c9400000, 0x00000006cff00000, 0x000000076dc00000)
  object space 109568K, 95% used [0x00000006c9400000,0x00000006cf9ca948,0x00000006cff00000)
 Metaspace       used 28423K, capacity 29164K, committed 29440K, reserved 1075200K
  class space    used 3087K, capacity 3244K, committed 3328K, reserved 1048576K
Event: 15.350 GC heap after
Heap after GC invocations=15 (full 2):
 PSYoungGen      total 626688K, used 11095K [0x000000076dc00000, 0x00000007a7000000, 0x00000007c0000000)
  eden space 592384K, 0% used [0x000000076dc00000,0x000000076dc00000,0x0000000791e80000)
  from space 34304K, 32% used [0x0000000791e80000,0x0000000792955cc8,0x0000000794000000)
  to   space 37376K, 0% used [0x00000007a4b80000,0x00000007a4b80000,0x00000007a7000000)
 ParOldGen       total 109568K, used 109170K [0x00000006c9400000, 0x00000006cff00000, 0x000000076dc00000)
  object space 109568K, 99% used [0x00000006c9400000,0x00000006cfe9c808,0x00000006cff00000)
 Metaspace       used 28423K, capacity 29164K, committed 29440K, reserved 1075200K
  class space    used 3087K, capacity 3244K, committed 3328K, reserved 1048576K
}

