# JRE version: Java(TM) SE Runtime Environment (8.0_391) (build 1.8.0_391-b13)
# Java VM: Java HotSpot(TM) 64-Bit Server VM (25.391-b13 mixed mode windows-amd64 compressed oops)
Heap:
 PSYoungGen      total 376320K, used 270506K [0x000000076dc00000, 0x0000000786880000, 0x00000007c0000000)
  eden space 348160K, 75% used [0x000000076dc00000,0x000000077db606e0,0x0000000783000000)
  from space 28160K, 31% used [0x0000000783000000,0x00000007838ca378,0x0000000784b80000)
  to   space 28672K, 0% used [0x0000000784b80000,0x0000000784b80000,0x0000000786780000)
 ParOldGen       total 112640K, used 112342K [0x00000006c9400000, 0x00000006d0200000, 0x000000076dc00000)
  object space 112640K, 99% used [0x00000006c9400000,0x00000006d01b5bb8,0x00000006d0200000)
 Metaspace       used 28557K, capacity 29292K, committed 29440K, reserved 1075200K
  class space    used 3088K, capacity 3244K, committed 3328K, reserved 1048576K
GC Heap History (10 events):
Event: 7.532 GC heap before
{Heap before GC invocations=15 (full 1):
 PSYoungGen      total 262656K, used 240640K [0x000000076dc00000, 0x0000000786780000, 0x00000007c0000000)
  eden space 237568K, 100% used [0x000000076dc00000,0x000000077c400000,0x000000077c400000)
  from space 25088K, 12% used [0x000000077c400000,0x000000077c700000,0x000000077dc80000)
  to   space 28672K, 0% used [0x0000000784b80000,0x0000000784b80000,0x0000000786780000)
 ParOldGen       total 112640K, used 68423K [0x00000006c9400000, 0x00000006d0200000, 0x000000076dc00000)
  object space 112640K, 60% used [0x00000006c9400000,0x00000006cd6d1cd0,0x00000006d0200000)
 Metaspace       used 26459K, capacity 27242K, committed 27520K, reserved 1073152K
  class space    used 2932K, capacity 3114K, committed 3200K, reserved 1048576K
Event: 7.540 GC heap after
Heap after GC invocations=15 (full 1):
 PSYoungGen      total 376832K, used 4064K [0x000000076dc00000, 0x0000000786880000, 0x00000007c0000000)
  eden space 348160K, 0% used [0x000000076dc00000,0x000000076dc00000,0x0000000783000000)
  from space 28672K, 14% used [0x0000000784b80000,0x0000000784f78010,0x0000000786780000)
  to   space 28160K, 0% used [0x0000000783000000,0x0000000783000000,0x0000000784b80000)
 ParOldGen       total 112640K, used 71343K [0x00000006c9400000, 0x00000006d0200000, 0x000000076dc00000)
  object space 112640K, 63% used [0x00000006c9400000,0x00000006cd9abcd0,0x00000006d0200000)
 Metaspace       used 26459K, capacity 27242K, committed 27520K, reserved 1073152K
  class space    used 2932K, capacity 3114K, committed 3200K, reserved 1048576K
}
Event: 7.791 GC heap before
{Heap before GC invocations=16 (full 1):
 PSYoungGen      total 376832K, used 352224K [0x000000076dc00000, 0x0000000786880000, 0x00000007c0000000)
  eden space 348160K, 100% used [0x000000076dc00000,0x0000000783000000,0x0000000783000000)
  from space 28672K, 14% used [0x0000000784b80000,0x0000000784f78010,0x0000000786780000)
  to   space 28160K, 0% used [0x0000000783000000,0x0000000783000000,0x0000000784b80000)
 ParOldGen       total 112640K, used 71343K [0x00000006c9400000, 0x00000006d0200000, 0x000000076dc00000)
  object space 112640K, 63% used [0x00000006c9400000,0x00000006cd9abcd0,0x00000006d0200000)
 Metaspace       used 26475K, capacity 27242K, committed 27520K, reserved 1073152K
  class space    used 2932K, capacity 3114K, committed 3200K, reserved 1048576K
Event: 7.801 GC heap after
Heap after GC invocations=16 (full 1):
 PSYoungGen      total 376320K, used 4032K [0x000000076dc00000, 0x0000000786880000, 0x00000007c0000000)
  eden space 348160K, 0% used [0x000000076dc00000,0x000000076dc00000,0x0000000783000000)
  from space 28160K, 14% used [0x0000000783000000,0x00000007833f0000,0x0000000784b80000)
  to   space 28672K, 0% used [0x0000000784b80000,0x0000000784b80000,0x0000000786780000)
 ParOldGen       total 112640K, used 75279K [0x00000006c9400000, 0x00000006d0200000, 0x000000076dc00000)
  object space 112640K, 66% used [0x00000006c9400000,0x00000006cdd83ce0,0x00000006d0200000)
 Metaspace       used 26475K, capacity 27242K, committed 27520K, reserved 1073152K
  class space    used 2932K, capacity 3114K, committed 3200K, reserved 1048576K
}
Event: 9.474 GC heap before
{Heap before GC invocations=17 (full 1):
 PSYoungGen      total 376320K, used 352192K [0x000000076dc00000, 0x0000000786880000, 0x00000007c0000000)
  eden space 348160K, 100% used [0x000000076dc00000,0x0000000783000000,0x0000000783000000)
  from space 28160K, 14% used [0x0000000783000000,0x00000007833f0000,0x0000000784b80000)
  to   space 28672K, 0% used [0x0000000784b80000,0x0000000784b80000,0x0000000786780000)
 ParOldGen       total 112640K, used 75279K [0x00000006c9400000, 0x00000006d0200000, 0x000000076dc00000)
  object space 112640K, 66% used [0x00000006c9400000,0x00000006cdd83ce0,0x00000006d0200000)
 Metaspace       used 26551K, capacity 27308K, committed 27520K, reserved 1073152K
  class space    used 2936K, capacity 3116K, committed 3200K, reserved 1048576K
Event: 9.493 GC heap after
Heap after GC invocations=17 (full 1):
 PSYoungGen      total 376832K, used 26025K [0x000000076dc00000, 0x0000000786880000, 0x00000007c0000000)
  eden space 348160K, 0% used [0x000000076dc00000,0x000000076dc00000,0x0000000783000000)
  from space 28672K, 90% used [0x0000000784b80000,0x00000007864ea590,0x0000000786780000)
  to   space 28160K, 0% used [0x0000000783000000,0x0000000783000000,0x0000000784b80000)
 ParOldGen       total 112640K, used 79063K [0x00000006c9400000, 0x00000006d0200000, 0x000000076dc00000)
  object space 112640K, 70% used [0x00000006c9400000,0x00000006ce135cf0,0x00000006d0200000)
 Metaspace       used 26551K, capacity 27308K, committed 27520K, reserved 1073152K
  class space    used 2936K, capacity 3116K, committed 3200K, reserved 1048576K
}
Event: 11.178 GC heap before
{Heap before GC invocations=18 (full 1):
 PSYoungGen      total 376832K, used 374185K [0x000000076dc00000, 0x0000000786880000, 0x00000007c0000000)
  eden space 348160K, 100% used [0x000000076dc00000,0x0000000783000000,0x0000000783000000)
  from space 28672K, 90% used [0x0000000784b80000,0x00000007864ea590,0x0000000786780000)
  to   space 28160K, 0% used [0x0000000783000000,0x0000000783000000,0x0000000784b80000)
 ParOldGen       total 112640K, used 79063K [0x00000006c9400000, 0x00000006d0200000, 0x000000076dc00000)
  object space 112640K, 70% used [0x00000006c9400000,0x00000006ce135cf0,0x00000006d0200000)
 Metaspace       used 27406K, capacity 28108K, committed 28416K, reserved 1075200K
  class space    used 3044K, capacity 3212K, committed 3328K, reserved 1048576K
Event: 11.202 GC heap after
Heap after GC invocations=18 (full 1):
 PSYoungGen      total 376320K, used 26284K [0x000000076dc00000, 0x0000000786880000, 0x00000007c0000000)
  eden space 348160K, 0% used [0x000000076dc00000,0x000000076dc00000,0x0000000783000000)
  from space 28160K, 93% used [0x0000000783000000,0x00000007849ab168,0x0000000784b80000)
  to   space 28672K, 0% used [0x0000000784b80000,0x0000000784b80000,0x0000000786780000)
 ParOldGen       total 112640K, used 104367K [0x00000006c9400000, 0x00000006d0200000, 0x000000076dc00000)
  object space 112640K, 92% used [0x00000006c9400000,0x00000006cf9ebcb0,0x00000006d0200000)
 Metaspace       used 27406K, capacity 28108K, committed 28416K, reserved 1075200K
  class space    used 3044K, capacity 3212K, committed 3328K, reserved 1048576K
}
Event: 11.202 GC heap before
{Heap before GC invocations=19 (full 2):
 PSYoungGen      total 376320K, used 26284K [0x000000076dc00000, 0x0000000786880000, 0x00000007c0000000)
  eden space 348160K, 0% used [0x000000076dc00000,0x000000076dc00000,0x0000000783000000)
  from space 28160K, 93% used [0x0000000783000000,0x00000007849ab168,0x0000000784b80000)
  to   space 28672K, 0% used [0x0000000784b80000,0x0000000784b80000,0x0000000786780000)
 ParOldGen       total 112640K, used 104367K [0x00000006c9400000, 0x00000006d0200000, 0x000000076dc00000)
  object space 112640K, 92% used [0x00000006c9400000,0x00000006cf9ebcb0,0x00000006d0200000)
 Metaspace       used 27406K, capacity 28108K, committed 28416K, reserved 1075200K
  class space    used 3044K, capacity 3212K, committed 3328K, reserved 1048576K
Event: 11.475 GC heap after
Heap after GC invocations=19 (full 2):
 PSYoungGen      total 376320K, used 9000K [0x000000076dc00000, 0x0000000786880000, 0x00000007c0000000)
  eden space 348160K, 0% used [0x000000076dc00000,0x000000076dc00000,0x0000000783000000)
  from space 28160K, 31% used [0x0000000783000000,0x00000007838ca378,0x0000000784b80000)
  to   space 28672K, 0% used [0x0000000784b80000,0x0000000784b80000,0x0000000786780000)
 ParOldGen       total 112640K, used 112342K [0x00000006c9400000, 0x00000006d0200000, 0x000000076dc00000)
  object space 112640K, 99% used [0x00000006c9400000,0x00000006d01b5bb8,0x00000006d0200000)
 Metaspace       used 27406K, capacity 28108K, committed 28416K, reserved 1075200K
  class space    used 3044K, capacity 3212K, committed 3328K, reserved 1048576K
}

