# JRE version: Java(TM) SE Runtime Environment (8.0_391) (build 1.8.0_391-b13)
# Java VM: Java HotSpot(TM) 64-Bit Server VM (25.391-b13 mixed mode windows-amd64 compressed oops)
Heap:
 PSYoungGen      total 526336K, used 39886K [0x000000076dc00000, 0x000000079fe00000, 0x00000007c0000000)
  eden space 497664K, 7% used [0x000000076dc00000,0x00000007702a41b8,0x000000078c200000)
  from space 28672K, 1% used [0x000000078f000000,0x000000078f04f9b8,0x0000000790c00000)
  to   space 47104K, 0% used [0x000000078c200000,0x000000078c200000,0x000000078f000000)
 ParOldGen       total 120320K, used 120035K [0x00000006c9400000, 0x00000006d0980000, 0x000000076dc00000)
  object space 120320K, 99% used [0x00000006c9400000,0x00000006d0938e48,0x00000006d0980000)
 Metaspace       used 28555K, capacity 29292K, committed 29440K, reserved 1075200K
  class space    used 3086K, capacity 3244K, committed 3328K, reserved 1048576K
GC Heap History (10 events):
Event: 8.902 GC heap before
{Heap before GC invocations=14 (full 1):
 PSYoungGen      total 379904K, used 356320K [0x000000076dc00000, 0x0000000787100000, 0x00000007c0000000)
  eden space 349696K, 100% used [0x000000076dc00000,0x0000000783180000,0x0000000783180000)
  from space 30208K, 21% used [0x0000000784f00000,0x0000000785578010,0x0000000786c80000)
  to   space 30208K, 0% used [0x0000000783180000,0x0000000783180000,0x0000000784f00000)
 ParOldGen       total 120320K, used 61845K [0x00000006c9400000, 0x00000006d0980000, 0x000000076dc00000)
  object space 120320K, 51% used [0x00000006c9400000,0x00000006cd0654f0,0x00000006d0980000)
 Metaspace       used 26454K, capacity 27242K, committed 27520K, reserved 1073152K
  class space    used 2932K, capacity 3114K, committed 3200K, reserved 1048576K
Event: 8.915 GC heap after
Heap after GC invocations=14 (full 1):
 PSYoungGen      total 379904K, used 5472K [0x000000076dc00000, 0x0000000790d80000, 0x00000007c0000000)
  eden space 349696K, 0% used [0x000000076dc00000,0x000000076dc00000,0x0000000783180000)
  from space 30208K, 18% used [0x0000000783180000,0x00000007836d8010,0x0000000784f00000)
  to   space 30208K, 0% used [0x000000078f000000,0x000000078f000000,0x0000000790d80000)
 ParOldGen       total 120320K, used 67813K [0x00000006c9400000, 0x00000006d0980000, 0x000000076dc00000)
  object space 120320K, 56% used [0x00000006c9400000,0x00000006cd639500,0x00000006d0980000)
 Metaspace       used 26454K, capacity 27242K, committed 27520K, reserved 1073152K
  class space    used 2932K, capacity 3114K, committed 3200K, reserved 1048576K
}
Event: 9.141 GC heap before
{Heap before GC invocations=15 (full 1):
 PSYoungGen      total 379904K, used 355168K [0x000000076dc00000, 0x0000000790d80000, 0x00000007c0000000)
  eden space 349696K, 100% used [0x000000076dc00000,0x0000000783180000,0x0000000783180000)
  from space 30208K, 18% used [0x0000000783180000,0x00000007836d8010,0x0000000784f00000)
  to   space 30208K, 0% used [0x000000078f000000,0x000000078f000000,0x0000000790d80000)
 ParOldGen       total 120320K, used 67813K [0x00000006c9400000, 0x00000006d0980000, 0x000000076dc00000)
  object space 120320K, 56% used [0x00000006c9400000,0x00000006cd639500,0x00000006d0980000)
 Metaspace       used 26466K, capacity 27242K, committed 27520K, reserved 1073152K
  class space    used 2932K, capacity 3114K, committed 3200K, reserved 1048576K
Event: 9.152 GC heap after
Heap after GC invocations=15 (full 1):
 PSYoungGen      total 541696K, used 4416K [0x000000076dc00000, 0x0000000790c00000, 0x00000007c0000000)
  eden space 513024K, 0% used [0x000000076dc00000,0x000000076dc00000,0x000000078d100000)
  from space 28672K, 15% used [0x000000078f000000,0x000000078f450000,0x0000000790c00000)
  to   space 30208K, 0% used [0x000000078d100000,0x000000078d100000,0x000000078ee80000)
 ParOldGen       total 120320K, used 73097K [0x00000006c9400000, 0x00000006d0980000, 0x000000076dc00000)
  object space 120320K, 60% used [0x00000006c9400000,0x00000006cdb62520,0x00000006d0980000)
 Metaspace       used 26466K, capacity 27242K, committed 27520K, reserved 1073152K
  class space    used 2932K, capacity 3114K, committed 3200K, reserved 1048576K
}
Event: 11.177 GC heap before
{Heap before GC invocations=16 (full 1):
 PSYoungGen      total 541696K, used 517440K [0x000000076dc00000, 0x0000000790c00000, 0x00000007c0000000)
  eden space 513024K, 100% used [0x000000076dc00000,0x000000078d100000,0x000000078d100000)
  from space 28672K, 15% used [0x000000078f000000,0x000000078f450000,0x0000000790c00000)
  to   space 30208K, 0% used [0x000000078d100000,0x000000078d100000,0x000000078ee80000)
 ParOldGen       total 120320K, used 73097K [0x00000006c9400000, 0x00000006d0980000, 0x000000076dc00000)
  object space 120320K, 60% used [0x00000006c9400000,0x00000006cdb62520,0x00000006d0980000)
 Metaspace       used 26543K, capacity 27308K, committed 27520K, reserved 1073152K
  class space    used 2936K, capacity 3116K, committed 3200K, reserved 1048576K
Event: 11.199 GC heap after
Heap after GC invocations=16 (full 1):
 PSYoungGen      total 543232K, used 26942K [0x000000076dc00000, 0x0000000790c00000, 0x00000007c0000000)
  eden space 513024K, 0% used [0x000000076dc00000,0x000000076dc00000,0x000000078d100000)
  from space 30208K, 89% used [0x000000078d100000,0x000000078eb4fb70,0x000000078ee80000)
  to   space 28672K, 0% used [0x000000078f000000,0x000000078f000000,0x0000000790c00000)
 ParOldGen       total 120320K, used 77305K [0x00000006c9400000, 0x00000006d0980000, 0x000000076dc00000)
  object space 120320K, 64% used [0x00000006c9400000,0x00000006cdf7e530,0x00000006d0980000)
 Metaspace       used 26543K, capacity 27308K, committed 27520K, reserved 1073152K
  class space    used 2936K, capacity 3116K, committed 3200K, reserved 1048576K
}
Event: 15.052 GC heap before
{Heap before GC invocations=17 (full 1):
 PSYoungGen      total 543232K, used 539966K [0x000000076dc00000, 0x0000000790c00000, 0x00000007c0000000)
  eden space 513024K, 100% used [0x000000076dc00000,0x000000078d100000,0x000000078d100000)
  from space 30208K, 89% used [0x000000078d100000,0x000000078eb4fb70,0x000000078ee80000)
  to   space 28672K, 0% used [0x000000078f000000,0x000000078f000000,0x0000000790c00000)
 ParOldGen       total 120320K, used 77305K [0x00000006c9400000, 0x00000006d0980000, 0x000000076dc00000)
  object space 120320K, 64% used [0x00000006c9400000,0x00000006cdf7e530,0x00000006d0980000)
 Metaspace       used 28487K, capacity 29228K, committed 29440K, reserved 1075200K
  class space    used 3086K, capacity 3244K, committed 3328K, reserved 1048576K
Event: 15.090 GC heap after
Heap after GC invocations=17 (full 1):
 PSYoungGen      total 526336K, used 28646K [0x000000076dc00000, 0x000000079fe00000, 0x00000007c0000000)
  eden space 497664K, 0% used [0x000000076dc00000,0x000000076dc00000,0x000000078c200000)
  from space 28672K, 99% used [0x000000078f000000,0x0000000790bf9b48,0x0000000790c00000)
  to   space 47104K, 0% used [0x000000078c200000,0x000000078c200000,0x000000078f000000)
 ParOldGen       total 120320K, used 104706K [0x00000006c9400000, 0x00000006d0980000, 0x000000076dc00000)
  object space 120320K, 87% used [0x00000006c9400000,0x00000006cfa40be8,0x00000006d0980000)
 Metaspace       used 28487K, capacity 29228K, committed 29440K, reserved 1075200K
  class space    used 3086K, capacity 3244K, committed 3328K, reserved 1048576K
}
Event: 15.090 GC heap before
{Heap before GC invocations=18 (full 2):
 PSYoungGen      total 526336K, used 28646K [0x000000076dc00000, 0x000000079fe00000, 0x00000007c0000000)
  eden space 497664K, 0% used [0x000000076dc00000,0x000000076dc00000,0x000000078c200000)
  from space 28672K, 99% used [0x000000078f000000,0x0000000790bf9b48,0x0000000790c00000)
  to   space 47104K, 0% used [0x000000078c200000,0x000000078c200000,0x000000078f000000)
 ParOldGen       total 120320K, used 104706K [0x00000006c9400000, 0x00000006d0980000, 0x000000076dc00000)
  object space 120320K, 87% used [0x00000006c9400000,0x00000006cfa40be8,0x00000006d0980000)
 Metaspace       used 28487K, capacity 29228K, committed 29440K, reserved 1075200K
  class space    used 3086K, capacity 3244K, committed 3328K, reserved 1048576K
Event: 15.459 GC heap after
Heap after GC invocations=18 (full 2):
 PSYoungGen      total 526336K, used 318K [0x000000076dc00000, 0x000000079fe00000, 0x00000007c0000000)
  eden space 497664K, 0% used [0x000000076dc00000,0x000000076dc00000,0x000000078c200000)
  from space 28672K, 1% used [0x000000078f000000,0x000000078f04f9b8,0x0000000790c00000)
  to   space 47104K, 0% used [0x000000078c200000,0x000000078c200000,0x000000078f000000)
 ParOldGen       total 120320K, used 120035K [0x00000006c9400000, 0x00000006d0980000, 0x000000076dc00000)
  object space 120320K, 99% used [0x00000006c9400000,0x00000006d0938e48,0x00000006d0980000)
 Metaspace       used 28487K, capacity 29228K, committed 29440K, reserved 1075200K
  class space    used 3086K, capacity 3244K, committed 3328K, reserved 1048576K
}

